0 info it worked if it ends with ok
1 verbose cli [ 'C:\\Program Files\\nodejs\\node.exe',
1 verbose cli   'C:\\Program Files\\nodejs\\node_modules\\npm\\bin\\npm-cli.js',
1 verbose cli   'run',
1 verbose cli   'start' ]
2 info using npm@3.10.10
3 info using node@v6.11.1
4 verbose run-script [ 'prestart', 'start', 'poststart' ]
5 info lifecycle react-boilerplate@1.0.0~prestart: react-boilerplate@1.0.0
6 silly lifecycle react-boilerplate@1.0.0~prestart: no script for prestart, continuing
7 info lifecycle react-boilerplate@1.0.0~start: react-boilerplate@1.0.0
8 verbose lifecycle react-boilerplate@1.0.0~start: unsafe-perm in lifecycle true
9 verbose lifecycle react-boilerplate@1.0.0~start: PATH: C:\Program Files\nodejs\node_modules\npm\bin\node-gyp-bin;C:\Users\WhiteWave\react\weather-app\weather-app\node_modules\.bin;C:\Users\WhiteWave\Documents\cmder\bin;C:\Users\WhiteWave\Documents\cmder\vendor\git-for-windows\cmd;C:\Users\WhiteWave\Documents\cmder\vendor\conemu-maximus5\ConEmu\Scripts;C:\Users\WhiteWave\Documents\cmder\vendor\conemu-maximus5;C:\Users\WhiteWave\Documents\cmder\vendor\conemu-maximus5\ConEmu;C:\Windows\system32;C:\Windows;C:\Windows\System32\Wbem;C:\Windows\System32\WindowsPowerShell\v1.0\;C:\Program Files\GtkSharp\2.12\bin;C:\Program Files\nodejs\;C:\Users\WhiteWave\AppData\Local\Programs\Python\Python36-32\Scripts\;C:\Users\WhiteWave\AppData\Local\Programs\Python\Python36-32\;C:\Users\WhiteWave\AppData\Local\Microsoft\WindowsApps;C:\Users\WhiteWave\AppData\Roaming\npm;C:\Program Files\MongoDB\Server\3.2\bin;C:\Users\WhiteWave\heroku\bin;C:\Users\WhiteWave\Documents\cmder\vendor\git-for-windows\usr\bin;C:\Users\WhiteWave\Documents\cmder\vendor\git-for-windows\usr\share\vim\vim74;C:\Users\WhiteWave\Documents\cmder\
10 verbose lifecycle react-boilerplate@1.0.0~start: CWD: C:\Users\WhiteWave\react\weather-app\weather-app
11 silly lifecycle react-boilerplate@1.0.0~start: Args: [ '/d /s /c', 'webpack-dev-server --open' ]
12 silly lifecycle react-boilerplate@1.0.0~start: Returned: code: 1  signal: null
13 info lifecycle react-boilerplate@1.0.0~start: Failed to exec start script
14 verbose stack Error: react-boilerplate@1.0.0 start: `webpack-dev-server --open`
14 verbose stack Exit status 1
14 verbose stack     at EventEmitter.<anonymous> (C:\Program Files\nodejs\node_modules\npm\lib\utils\lifecycle.js:255:16)
14 verbose stack     at emitTwo (events.js:106:13)
14 verbose stack     at EventEmitter.emit (events.js:191:7)
14 verbose stack     at ChildProcess.<anonymous> (C:\Program Files\nodejs\node_modules\npm\lib\utils\spawn.js:40:14)
14 verbose stack     at emitTwo (events.js:106:13)
14 verbose stack     at ChildProcess.emit (events.js:191:7)
14 verbose stack     at maybeClose (internal/child_process.js:891:16)
14 verbose stack     at Process.ChildProcess._handle.onexit (internal/child_process.js:226:5)
15 verbose pkgid react-boilerplate@1.0.0
16 verbose cwd C:\Users\WhiteWave\react\weather-app\weather-app
17 error Windows_NT 10.0.14393
18 error argv "C:\\Program Files\\nodejs\\node.exe" "C:\\Program Files\\nodejs\\node_modules\\npm\\bin\\npm-cli.js" "run" "start"
19 error node v6.11.1
20 error npm  v3.10.10
21 error code ELIFECYCLE
22 error react-boilerplate@1.0.0 start: `webpack-dev-server --open`
22 error Exit status 1
23 error Failed at the react-boilerplate@1.0.0 start script 'webpack-dev-server --open'.
23 error Make sure you have the latest version of node.js and npm installed.
23 error If you do, this is most likely a problem with the react-boilerplate package,
23 error not with npm itself.
23 error Tell the author that this fails on your system:
23 error     webpack-dev-server --open
23 error You can get information on how to open an issue for this project with:
23 error     npm bugs react-boilerplate
23 error Or if that isn't available, you can get their info via:
23 error     npm owner ls react-boilerplate
23 error There is likely additional logging output above.
24 verbose exit [ 1, true ]
